[debug] [2020-04-04T15:42:19.277Z] ----------------------------------------------------------------------
[debug] [2020-04-04T15:42:19.279Z] Command:       C:\Program Files\nodejs\node.exe C:\Users\Norbert\AppData\Roaming\npm\node_modules\firebase-tools\lib\bin\firebase.js serve
[debug] [2020-04-04T15:42:19.280Z] CLI Version:   7.15.1
[debug] [2020-04-04T15:42:19.280Z] Platform:      win32
[debug] [2020-04-04T15:42:19.280Z] Node Version:  v10.16.0
[debug] [2020-04-04T15:42:19.281Z] Time:          Sat Apr 04 2020 17:42:19 GMT+0200 (GMT+02:00)
[debug] [2020-04-04T15:42:19.281Z] ----------------------------------------------------------------------
[debug] [2020-04-04T15:42:19.281Z] 
[debug] [2020-04-04T15:42:19.291Z] > command requires scopes: ["email","openid","https://www.googleapis.com/auth/cloudplatformprojects.readonly","https://www.googleapis.com/auth/firebase","https://www.googleapis.com/auth/cloud-platform"]
[debug] [2020-04-04T15:42:19.292Z] > authorizing via signed-in user
[debug] [2020-04-04T15:42:19.292Z] [iam] checking project codecheatsheet-7d13a for permissions ["firebase.projects.get"]
[debug] [2020-04-04T15:42:19.294Z] >>> HTTP REQUEST POST https://cloudresourcemanager.googleapis.com/v1/projects/codecheatsheet-7d13a:testIamPermissions  

[debug] [2020-04-04T15:42:20.300Z] <<< HTTP RESPONSE 200
[debug] [2020-04-04T15:42:20.305Z] >>> HTTP REQUEST GET https://firebase.googleapis.com/v1beta1/projects/codecheatsheet-7d13a  
 
[debug] [2020-04-04T15:42:20.592Z] <<< HTTP RESPONSE 200
[info] 
[info] === Serving from 'C:\dev\codeCheatSheet'...
[info] 
[debug] [2020-04-04T15:42:20.597Z] >>> HTTP REQUEST GET https://firebase.googleapis.com/v1beta1/projects/codecheatsheet-7d13a/webApps/-/config  
 
[debug] [2020-04-04T15:42:21.245Z] <<< HTTP RESPONSE 200
[info] i  hosting: Serving hosting files from: public
[info] +  hosting: Local server: http://localhost:5000
